{"/Users/leoncross/Dropbox/Coding/tech_tests/deloitte_raindrops/spec/raindropsSpec.js":{"path":"/Users/leoncross/Dropbox/Coding/tech_tests/deloitte_raindrops/spec/raindropsSpec.js","s":{"1":1,"2":1,"3":1,"4":1},"b":{},"f":{"1":1,"2":1},"fnMap":{"1":{"name":"(anonymous_1)","line":3,"loc":{"start":{"line":3,"column":22},"end":{"line":3,"column":34}}},"2":{"name":"(anonymous_2)","line":4,"loc":{"start":{"line":4,"column":25},"end":{"line":4,"column":37}}}},"statementMap":{"1":{"start":{"line":1,"column":0},"end":{"line":1,"column":46}},"2":{"start":{"line":3,"column":0},"end":{"line":7,"column":2}},"3":{"start":{"line":4,"column":2},"end":{"line":6,"column":4}},"4":{"start":{"line":5,"column":2},"end":{"line":5,"column":33}}},"branchMap":{}},"/Users/leoncross/Dropbox/Coding/tech_tests/deloitte_raindrops/src/raindrops.js":{"path":"/Users/leoncross/Dropbox/Coding/tech_tests/deloitte_raindrops/src/raindrops.js","s":{"1":1,"2":1,"3":1},"b":{},"f":{"1":1},"fnMap":{"1":{"name":"raindrops","line":1,"loc":{"start":{"line":1,"column":0},"end":{"line":1,"column":23}}}},"statementMap":{"1":{"start":{"line":1,"column":0},"end":{"line":3,"column":1}},"2":{"start":{"line":2,"column":2},"end":{"line":2,"column":10}},"3":{"start":{"line":5,"column":0},"end":{"line":5,"column":26}}},"branchMap":{}}}